2024-05-09 22:42:39.480 [info] Added views:workbench.panel.markers.view in workbench.panel.markers
2024-05-09 22:42:39.480 [info] Added views:workbench.panel.output in workbench.panel.output
2024-05-09 22:42:39.480 [info] Added views:terminal in terminal
2024-05-09 22:42:39.481 [info] Added views:outline in workbench.view.explorer
2024-05-09 22:42:39.481 [info] Added views:workbench.scm in workbench.view.scm
2024-05-09 22:42:39.481 [info] Added views:workbench.view.search in workbench.view.search
2024-05-09 22:42:39.481 [info] Added views:timeline in workbench.view.explorer
2024-05-09 22:42:39.481 [info] Added views:workbench.explorer.emptyView in workbench.view.explorer
2024-05-09 22:42:40.157 [info] Added views:workbench.debug.variablesView,workbench.debug.watchExpressionsView,workbench.debug.callStackView,workbench.debug.breakPointsView in workbench.view.debug
2024-05-09 22:42:40.315 [info] Added views:~remote.forwardedPorts in ~remote.forwardedPortsContainer
2024-05-09 22:42:40.392 [info] Added views:workbench.panel.repl.view in workbench.panel.repl
2024-05-09 22:42:40.394 [info] Removed views:workbench.debug.breakPointsView,workbench.debug.callStackView,workbench.debug.watchExpressionsView,workbench.debug.variablesView from workbench.view.debug
2024-05-09 22:42:40.395 [info] Added views:workbench.debug.welcome in workbench.view.debug
2024-05-09 22:42:58.232 [info] Added views:workbench.views.extensions.installed,workbench.views.extensions.popular,extensions.recommendedList in workbench.view.extensions
2024-05-09 22:42:58.236 [info] Removed views:workbench.views.extensions.popular from workbench.view.extensions
2024-05-09 22:42:59.095 [info] Removed views:extensions.recommendedList,workbench.views.extensions.installed from workbench.view.extensions
2024-05-09 22:42:59.106 [info] Added views:workbench.views.extensions.marketplace in workbench.view.extensions
2024-05-09 22:43:11.109 [info] Removed views:workbench.views.extensions.marketplace from workbench.view.extensions
2024-05-09 22:43:11.136 [info] Added views:workbench.views.extensions.otherRecommendations in workbench.view.extensions
2024-05-09 22:43:27.983 [info] Removed views:workbench.views.extensions.otherRecommendations from workbench.view.extensions
2024-05-09 22:43:28.018 [info] Added views:workbench.views.extensions.installed,extensions.recommendedList in workbench.view.extensions
