2024-05-14 16:33:02.196 [info] Log level: Info
2024-05-14 16:33:02.196 [info] Validating found git in: "git"
2024-05-14 16:33:02.196 [info] Using git "2.45.0" from "git"
2024-05-14 16:33:02.196 [info] > git rev-parse --show-toplevel [4ms]
2024-05-14 16:33:02.196 [info] fatal: not a git repository (or any of the parent directories): .git
2024-05-14 16:33:02.196 [info] > git rev-parse --show-toplevel [1ms]
2024-05-14 16:33:02.196 [info] fatal: not a git repository (or any of the parent directories): .git
2024-05-14 16:33:02.196 [info] > git rev-parse --show-toplevel [103ms]
2024-05-14 16:33:02.196 [info] fatal: not a git repository (or any of the parent directories): .git
2024-05-14 16:33:56.783 [info] Log level: Info
2024-05-14 16:33:56.783 [info] Validating found git in: "git"
2024-05-14 16:33:56.783 [info] Using git "2.45.0" from "git"
2024-05-14 16:33:56.783 [info] > git rev-parse --show-toplevel [6ms]
2024-05-14 16:33:56.783 [info] fatal: not a git repository (or any of the parent directories): .git
2024-05-14 16:33:56.783 [info] > git rev-parse --show-toplevel [5ms]
2024-05-14 16:33:56.783 [info] fatal: not a git repository (or any of the parent directories): .git
2024-05-14 16:33:56.790 [info] > git rev-parse --show-toplevel [2ms]
2024-05-14 16:33:56.790 [info] fatal: not a git repository (or any of the parent directories): .git
2024-05-14 16:33:56.794 [info] > git rev-parse --show-toplevel [1ms]
2024-05-14 16:33:56.794 [info] fatal: not a git repository (or any of the parent directories): .git
2024-05-14 16:33:56.799 [info] > git rev-parse --show-toplevel [2ms]
2024-05-14 16:33:56.799 [info] fatal: not a git repository (or any of the parent directories): .git
2024-05-14 16:33:56.803 [info] > git rev-parse --show-toplevel [1ms]
2024-05-14 16:33:56.803 [info] fatal: not a git repository (or any of the parent directories): .git
2024-05-14 16:33:56.806 [info] > git rev-parse --show-toplevel [1ms]
2024-05-14 16:33:56.806 [info] fatal: not a git repository (or any of the parent directories): .git
2024-05-14 16:33:56.810 [info] > git rev-parse --show-toplevel [1ms]
2024-05-14 16:33:56.810 [info] fatal: not a git repository (or any of the parent directories): .git
2024-05-14 16:33:56.814 [info] > git rev-parse --show-toplevel [1ms]
2024-05-14 16:33:56.814 [info] fatal: not a git repository (or any of the parent directories): .git
2024-05-14 16:33:56.818 [info] > git rev-parse --show-toplevel [1ms]
2024-05-14 16:33:56.818 [info] fatal: not a git repository (or any of the parent directories): .git
2024-05-14 16:33:56.856 [info] > git rev-parse --show-toplevel [34ms]
2024-05-14 16:33:56.856 [info] fatal: not a git repository (or any of the parent directories): .git
2024-05-14 16:33:56.868 [info] > git rev-parse --show-toplevel [2ms]
2024-05-14 16:33:56.868 [info] fatal: not a git repository (or any of the parent directories): .git
2024-05-14 16:33:56.880 [info] > git rev-parse --show-toplevel [9ms]
2024-05-14 16:33:56.880 [info] fatal: not a git repository (or any of the parent directories): .git
2024-05-14 16:33:56.884 [info] > git rev-parse --show-toplevel [1ms]
2024-05-14 16:33:56.884 [info] fatal: not a git repository (or any of the parent directories): .git
2024-05-14 16:33:56.888 [info] > git rev-parse --show-toplevel [1ms]
2024-05-14 16:33:56.888 [info] fatal: not a git repository (or any of the parent directories): .git
2024-05-14 16:33:56.891 [info] > git rev-parse --show-toplevel [1ms]
2024-05-14 16:33:56.891 [info] fatal: not a git repository (or any of the parent directories): .git
2024-05-14 16:33:56.894 [info] > git rev-parse --show-toplevel [1ms]
2024-05-14 16:33:56.894 [info] fatal: not a git repository (or any of the parent directories): .git
2024-05-14 16:33:56.897 [info] > git rev-parse --show-toplevel [1ms]
2024-05-14 16:33:56.897 [info] fatal: not a git repository (or any of the parent directories): .git
2024-05-14 16:33:56.901 [info] > git rev-parse --show-toplevel [1ms]
2024-05-14 16:33:56.901 [info] fatal: not a git repository (or any of the parent directories): .git
2024-05-14 16:33:56.904 [info] > git rev-parse --show-toplevel [1ms]
2024-05-14 16:33:56.904 [info] fatal: not a git repository (or any of the parent directories): .git
2024-05-14 16:33:56.907 [info] > git rev-parse --show-toplevel [1ms]
2024-05-14 16:33:56.907 [info] fatal: not a git repository (or any of the parent directories): .git
2024-05-14 16:33:56.911 [info] > git rev-parse --show-toplevel [1ms]
2024-05-14 16:33:56.911 [info] fatal: not a git repository (or any of the parent directories): .git
2024-05-14 16:33:56.914 [info] > git rev-parse --show-toplevel [1ms]
2024-05-14 16:33:56.914 [info] fatal: not a git repository (or any of the parent directories): .git
2024-05-14 16:33:56.918 [info] > git rev-parse --show-toplevel [1ms]
2024-05-14 16:33:56.918 [info] fatal: not a git repository (or any of the parent directories): .git
2024-05-14 16:33:56.921 [info] > git rev-parse --show-toplevel [1ms]
2024-05-14 16:33:56.921 [info] fatal: not a git repository (or any of the parent directories): .git
2024-05-14 16:33:56.924 [info] > git rev-parse --show-toplevel [0ms]
2024-05-14 16:33:56.924 [info] fatal: not a git repository (or any of the parent directories): .git
2024-05-14 16:33:56.928 [info] > git rev-parse --show-toplevel [0ms]
2024-05-14 16:33:56.928 [info] fatal: not a git repository (or any of the parent directories): .git
2024-05-14 16:33:56.931 [info] > git rev-parse --show-toplevel [1ms]
2024-05-14 16:33:56.931 [info] fatal: not a git repository (or any of the parent directories): .git
2024-05-14 16:33:56.934 [info] > git rev-parse --show-toplevel [1ms]
2024-05-14 16:33:56.934 [info] fatal: not a git repository (or any of the parent directories): .git
2024-05-14 16:33:56.937 [info] > git rev-parse --show-toplevel [1ms]
2024-05-14 16:33:56.937 [info] fatal: not a git repository (or any of the parent directories): .git
2024-05-14 16:33:56.940 [info] > git rev-parse --show-toplevel [1ms]
2024-05-14 16:33:56.940 [info] fatal: not a git repository (or any of the parent directories): .git
2024-05-14 16:33:56.943 [info] > git rev-parse --show-toplevel [1ms]
2024-05-14 16:33:56.943 [info] fatal: not a git repository (or any of the parent directories): .git
2024-05-14 16:33:56.946 [info] > git rev-parse --show-toplevel [0ms]
2024-05-14 16:33:56.946 [info] fatal: not a git repository (or any of the parent directories): .git
2024-05-14 16:33:56.950 [info] > git rev-parse --show-toplevel [1ms]
2024-05-14 16:33:56.950 [info] fatal: not a git repository (or any of the parent directories): .git
2024-05-14 16:33:56.953 [info] > git rev-parse --show-toplevel [1ms]
2024-05-14 16:33:56.953 [info] fatal: not a git repository (or any of the parent directories): .git
2024-05-14 16:33:56.957 [info] > git rev-parse --show-toplevel [1ms]
2024-05-14 16:33:56.957 [info] fatal: not a git repository (or any of the parent directories): .git
2024-05-14 16:33:56.960 [info] > git rev-parse --show-toplevel [1ms]
2024-05-14 16:33:56.960 [info] fatal: not a git repository (or any of the parent directories): .git
2024-05-14 16:33:56.963 [info] > git rev-parse --show-toplevel [1ms]
2024-05-14 16:33:56.963 [info] fatal: not a git repository (or any of the parent directories): .git
2024-05-14 16:33:56.967 [info] > git rev-parse --show-toplevel [1ms]
2024-05-14 16:33:56.967 [info] fatal: not a git repository (or any of the parent directories): .git
2024-05-14 16:33:56.972 [info] > git rev-parse --show-toplevel [1ms]
2024-05-14 16:33:56.976 [info] > git rev-parse --git-dir --git-common-dir [1ms]
2024-05-14 16:33:56.987 [info] Open repository: /home/bri/.config/nvim
2024-05-14 16:33:56.996 [info] > git rev-parse --show-toplevel [2ms]
2024-05-14 16:33:56.996 [info] fatal: not a git repository (or any of the parent directories): .git
2024-05-14 16:33:56.996 [info] > git config --get commit.template [5ms]
2024-05-14 16:33:57.007 [info] > git rev-parse --show-toplevel [6ms]
2024-05-14 16:33:57.007 [info] fatal: not a git repository (or any of the parent directories): .git
2024-05-14 16:33:57.010 [info] > git for-each-ref --format=%(refname)%00%(upstream:short)%00%(objectname)%00%(upstream:track)%00%(upstream:remotename)%00%(upstream:remoteref) refs/heads/v2.0 refs/remotes/v2.0 [7ms]
2024-05-14 16:33:57.011 [info] > git rev-parse --show-toplevel [2ms]
2024-05-14 16:33:57.011 [info] fatal: not a git repository (or any of the parent directories): .git
2024-05-14 16:33:57.020 [info] > git rev-parse --show-toplevel [6ms]
2024-05-14 16:33:57.020 [info] fatal: not a git repository (or any of the parent directories): .git
2024-05-14 16:33:57.025 [info] > git status -z -uall [6ms]
2024-05-14 16:33:57.040 [info] > git merge-base refs/heads/v2.0 refs/remotes/origin/v2.0 [11ms]
2024-05-14 16:33:57.044 [info] > git rev-parse --show-toplevel [21ms]
2024-05-14 16:33:57.044 [info] fatal: not a git repository (or any of the parent directories): .git
2024-05-14 16:33:57.051 [info] > git config --get commit.template [14ms]
2024-05-14 16:33:57.053 [info] > git rev-parse --show-toplevel [7ms]
2024-05-14 16:33:57.053 [info] fatal: not a git repository (or any of the parent directories): .git
2024-05-14 16:33:57.054 [info] > git rev-list --count --left-right refs/heads/v2.0...refs/remotes/origin/v2.0 [9ms]
2024-05-14 16:33:57.090 [info] > git diff --name-status -z --diff-filter=ADMR f17e83010f25784b58dea175c6480b3a8225a3e9...refs/remotes/origin/v2.0 [34ms]
2024-05-14 16:33:57.093 [info] > git rev-parse --show-toplevel [4ms]
2024-05-14 16:33:57.093 [info] fatal: not a git repository (or any of the parent directories): .git
2024-05-14 16:33:57.093 [info] > git for-each-ref --format=%(refname)%00%(upstream:short)%00%(objectname)%00%(upstream:track)%00%(upstream:remotename)%00%(upstream:remoteref) refs/heads/v2.0 refs/remotes/v2.0 [6ms]
2024-05-14 16:33:57.098 [info] > git rev-parse --show-toplevel [1ms]
2024-05-14 16:33:57.098 [info] fatal: not a git repository (or any of the parent directories): .git
2024-05-14 16:33:57.105 [info] > git status -z -uall [3ms]
2024-05-14 16:33:57.107 [info] > git rev-parse --show-toplevel [3ms]
2024-05-14 16:33:57.107 [info] fatal: not a git repository (or any of the parent directories): .git
2024-05-14 16:33:57.111 [info] > git rev-parse --show-toplevel [1ms]
2024-05-14 16:33:57.111 [info] fatal: not a git repository (or any of the parent directories): .git
2024-05-14 16:33:57.114 [info] > git rev-parse --show-toplevel [1ms]
2024-05-14 16:33:57.114 [info] fatal: not a git repository (or any of the parent directories): .git
2024-05-14 16:33:57.117 [info] > git rev-parse --show-toplevel [1ms]
2024-05-14 16:33:57.117 [info] fatal: not a git repository (or any of the parent directories): .git
2024-05-14 16:33:57.120 [info] > git rev-parse --show-toplevel [0ms]
2024-05-14 16:33:57.120 [info] fatal: not a git repository (or any of the parent directories): .git
2024-05-14 16:33:57.504 [info] > git check-ignore -v -z --stdin [1ms]
2024-05-14 16:41:05.943 [info] > git rev-parse --show-toplevel [1ms]
2024-05-14 16:41:05.943 [info] fatal: not a git repository (or any of the parent directories): .git
2024-05-14 16:41:09.469 [info] > git rev-parse --show-toplevel [2ms]
2024-05-14 16:41:09.469 [info] fatal: not a git repository (or any of the parent directories): .git
2024-05-14 16:41:13.912 [info] > git rev-parse --show-toplevel [1ms]
2024-05-14 16:41:13.912 [info] fatal: not a git repository (or any of the parent directories): .git
2024-05-14 16:41:15.468 [info] > git rev-parse --show-toplevel [1ms]
2024-05-14 16:41:15.469 [info] fatal: not a git repository (or any of the parent directories): .git
2024-05-14 16:41:17.344 [info] > git rev-parse --show-toplevel [1ms]
2024-05-14 16:41:17.344 [info] fatal: not a git repository (or any of the parent directories): .git
2024-05-14 16:41:22.263 [info] > git rev-parse --show-toplevel [1ms]
2024-05-14 16:41:22.263 [info] fatal: not a git repository (or any of the parent directories): .git
2024-05-14 16:42:38.430 [info] > git merge-base refs/heads/v2.0 refs/remotes/origin/v2.0 [1ms]
2024-05-14 16:42:38.435 [info] > git rev-list --count --left-right refs/heads/v2.0...refs/remotes/origin/v2.0 [2ms]
2024-05-14 16:42:38.483 [info] > git rev-parse --show-toplevel [1ms]
2024-05-14 16:42:38.483 [info] fatal: not a git repository (or any of the parent directories): .git
2024-05-14 16:42:39.015 [info] > git check-ignore -v -z --stdin [1ms]
2024-05-14 16:42:49.023 [info] > git rev-parse --show-toplevel [1ms]
2024-05-14 16:42:49.023 [info] fatal: not a git repository (or any of the parent directories): .git
2024-05-14 16:43:41.859 [info] > git rev-parse --show-toplevel [1ms]
2024-05-14 16:43:41.859 [info] fatal: not a git repository (or any of the parent directories): .git
2024-05-14 16:43:53.149 [info] > git rev-parse --show-toplevel [1ms]
2024-05-14 16:43:53.149 [info] fatal: not a git repository (or any of the parent directories): .git
2024-05-14 16:44:14.886 [info] > git rev-parse --show-toplevel [12ms]
2024-05-14 16:44:14.886 [info] fatal: not a git repository (or any of the parent directories): .git
2024-05-14 16:45:53.403 [info] > git rev-parse --show-toplevel [1ms]
2024-05-14 16:45:53.403 [info] fatal: not a git repository (or any of the parent directories): .git
2024-05-14 16:47:22.449 [info] > git rev-parse --show-toplevel [1ms]
2024-05-14 16:47:22.449 [info] fatal: not a git repository (or any of the parent directories): .git
2024-05-14 16:47:22.469 [info] > git rev-parse --show-toplevel [1ms]
2024-05-14 16:47:22.469 [info] fatal: not a git repository (or any of the parent directories): .git
2024-05-14 16:47:22.508 [info] > git rev-parse --show-toplevel [2ms]
2024-05-14 16:47:22.508 [info] fatal: not a git repository (or any of the parent directories): .git
2024-05-14 16:47:24.463 [info] > git rev-parse --show-toplevel [2ms]
2024-05-14 16:47:24.463 [info] fatal: not a git repository (or any of the parent directories): .git
2024-05-14 16:47:36.054 [info] > git rev-parse --show-toplevel [1ms]
2024-05-14 16:47:36.054 [info] fatal: not a git repository (or any of the parent directories): .git
2024-05-14 16:47:56.874 [info] > git rev-parse --show-toplevel [1ms]
2024-05-14 16:47:56.874 [info] fatal: not a git repository (or any of the parent directories): .git
2024-05-14 16:48:04.089 [info] > git rev-parse --show-toplevel [1ms]
2024-05-14 16:48:04.089 [info] fatal: not a git repository (or any of the parent directories): .git
2024-05-14 16:48:06.309 [info] > git rev-parse --show-toplevel [1ms]
2024-05-14 16:48:06.309 [info] fatal: not a git repository (or any of the parent directories): .git
2024-05-14 16:48:18.739 [info] > git rev-parse --show-toplevel [1ms]
2024-05-14 16:48:18.739 [info] fatal: not a git repository (or any of the parent directories): .git
2024-05-14 16:48:26.513 [info] > git rev-parse --show-toplevel [1ms]
2024-05-14 16:48:26.514 [info] fatal: not a git repository (or any of the parent directories): .git
2024-05-14 16:48:31.095 [info] > git rev-parse --show-toplevel [1ms]
2024-05-14 16:48:31.095 [info] fatal: not a git repository (or any of the parent directories): .git
2024-05-14 16:48:41.110 [info] > git rev-parse --show-toplevel [1ms]
2024-05-14 16:48:41.110 [info] fatal: not a git repository (or any of the parent directories): .git
2024-05-14 16:49:17.912 [info] > git rev-parse --show-toplevel [1ms]
2024-05-14 16:49:17.912 [info] fatal: not a git repository (or any of the parent directories): .git
2024-05-14 17:06:44.574 [info] > git rev-parse --show-toplevel [2ms]
2024-05-14 17:06:44.574 [info] fatal: not a git repository (or any of the parent directories): .git
2024-05-14 17:08:34.452 [info] > git rev-parse --show-toplevel [2ms]
2024-05-14 17:08:34.452 [info] fatal: not a git repository (or any of the parent directories): .git
2024-05-14 17:20:33.938 [info] > git rev-parse --show-toplevel [1ms]
2024-05-14 17:20:33.938 [info] fatal: not a git repository (or any of the parent directories): .git
2024-05-14 17:20:44.363 [info] > git rev-parse --show-toplevel [1ms]
2024-05-14 17:20:44.363 [info] fatal: not a git repository (or any of the parent directories): .git
2024-05-14 17:22:08.099 [info] > git rev-parse --show-toplevel [1ms]
2024-05-14 17:22:08.099 [info] fatal: not a git repository (or any of the parent directories): .git
2024-05-14 17:22:43.699 [info] > git rev-parse --show-toplevel [1ms]
2024-05-14 17:22:43.699 [info] fatal: not a git repository (or any of the parent directories): .git
2024-05-14 18:08:18.760 [info] > git rev-parse --show-toplevel [2ms]
2024-05-14 18:08:18.760 [info] fatal: not a git repository (or any of the parent directories): .git
2024-05-14 18:10:22.097 [info] > git rev-parse --show-toplevel [1ms]
2024-05-14 18:10:22.097 [info] fatal: not a git repository (or any of the parent directories): .git
